-------------------------------------------------------------------------------
Test set: GSTest
-------------------------------------------------------------------------------
Tests run: 8, Failures: 1, Errors: 0, Skipped: 0, Time elapsed: 0.002 s <<< FAILURE! - in GSTest
iteratorTest  Time elapsed: 0.002 s  <<< FAILURE!
org.opentest4j.AssertionFailedError: expected: <95.0> but was: <90.0>
	at GSTest.iteratorTest(GSTest.java:120)

