<?xml version="1.0" encoding="UTF-8"?>
<testsuite xmlns:xsi="http://www.w3.org/2001/XMLSchema-instance" xsi:noNamespaceSchemaLocation="https://maven.apache.org/surefire/maven-surefire-plugin/xsd/surefire-test-report.xsd" name="GQTest" time="0.047" tests="8" errors="0" skipped="0" failures="0">
  <properties>
[...]
</properties>
  <testcase name="constructorTest" classname="GQTest" time="0.031"/>
  <testcase name="getTest" classname="GQTest" time="0"/>
  <testcase name="iteratorTestForEach" classname="GQTest" time="0.003"/>
  <testcase name="dequeueTest" classname="GQTest" time="0.001"/>
  <testcase name="removeTail" classname="GQTest" time="0.001"/>
  <testcase name="enqueueTest" classname="GQTest" time="0"/>
  <testcase name="deleteTest" classname="GQTest" time="0"/>
  <testcase name="setTest" classname="GQTest" time="0"/>
</testsuite>